c:\users\oliwi\projects\punto-steering-control1\punto-steering-control\punto-steering-control\build\io\physical\debug\physical.pdb
c:\users\oliwi\projects\punto-steering-control1\punto-steering-control\punto-steering-control\build\io\physical\physical.dir\debug\wheeloutwrapper.obj
c:\users\oliwi\projects\punto-steering-control1\punto-steering-control\punto-steering-control\build\io\physical\physical.dir\debug\wheeloutcontroller.obj
c:\users\oliwi\projects\punto-steering-control1\punto-steering-control\punto-steering-control\build\io\physical\physical.dir\debug\wheelinwrapper.obj
c:\users\oliwi\projects\punto-steering-control1\punto-steering-control\punto-steering-control\build\io\physical\physical.dir\debug\wheelindata.obj
c:\users\oliwi\projects\punto-steering-control1\punto-steering-control\punto-steering-control\build\io\physical\physical.dir\debug\wheelincontroller.obj
c:\users\oliwi\projects\punto-steering-control1\punto-steering-control\punto-steering-control\build\io\physical\physical.dir\debug\othersensorsinwrapper.obj
c:\users\oliwi\projects\punto-steering-control1\punto-steering-control\punto-steering-control\build\io\physical\physical.dir\debug\othersensorsincontroller.obj
c:\users\oliwi\projects\punto-steering-control1\punto-steering-control\punto-steering-control\build\io\physical\physical.dir\debug\gasoutwrapper.obj
c:\users\oliwi\projects\punto-steering-control1\punto-steering-control\punto-steering-control\build\io\physical\physical.dir\debug\gasoutcontroller.obj
c:\users\oliwi\projects\punto-steering-control1\punto-steering-control\punto-steering-control\build\io\physical\physical.dir\debug\brakeoutwrapper.obj
c:\users\oliwi\projects\punto-steering-control1\punto-steering-control\punto-steering-control\build\io\physical\physical.dir\debug\brakeoutcontroller.obj
c:\users\oliwi\projects\punto-steering-control1\punto-steering-control\punto-steering-control\build\io\physical\cmakefiles\generate.stamp
c:\users\oliwi\projects\punto-steering-control1\punto-steering-control\punto-steering-control\build\io\physical\debug\physical.lib
c:\users\oliwi\projects\punto-steering-control1\punto-steering-control\punto-steering-control\build\io\physical\physical.dir\debug\physical.tlog\cl.command.1.tlog
c:\users\oliwi\projects\punto-steering-control1\punto-steering-control\punto-steering-control\build\io\physical\physical.dir\debug\physical.tlog\cl.items.tlog
c:\users\oliwi\projects\punto-steering-control1\punto-steering-control\punto-steering-control\build\io\physical\physical.dir\debug\physical.tlog\cl.read.1.tlog
c:\users\oliwi\projects\punto-steering-control1\punto-steering-control\punto-steering-control\build\io\physical\physical.dir\debug\physical.tlog\cl.write.1.tlog
c:\users\oliwi\projects\punto-steering-control1\punto-steering-control\punto-steering-control\build\io\physical\physical.dir\debug\physical.tlog\custombuild.command.1.tlog
c:\users\oliwi\projects\punto-steering-control1\punto-steering-control\punto-steering-control\build\io\physical\physical.dir\debug\physical.tlog\custombuild.read.1.tlog
c:\users\oliwi\projects\punto-steering-control1\punto-steering-control\punto-steering-control\build\io\physical\physical.dir\debug\physical.tlog\custombuild.write.1.tlog
c:\users\oliwi\projects\punto-steering-control1\punto-steering-control\punto-steering-control\build\io\physical\physical.dir\debug\physical.tlog\lib-link.read.1.tlog
c:\users\oliwi\projects\punto-steering-control1\punto-steering-control\punto-steering-control\build\io\physical\physical.dir\debug\physical.tlog\lib-link.write.1.tlog
c:\users\oliwi\projects\punto-steering-control1\punto-steering-control\punto-steering-control\build\io\physical\physical.dir\debug\physical.tlog\lib.command.1.tlog
